{"contracts/Raffle.sol":{"l":{"49":3,"50":3,"51":3,"52":3,"53":3,"54":3,"55":3,"56":3,"60":5,"61":1,"63":4,"64":1,"66":3,"68":3,"72":2,"73":2,"74":2,"75":2,"76":2,"77":2,"81":1,"83":1,"84":0,"86":1,"87":1,"91":1,"95":0,"96":0,"97":0,"98":0,"99":0,"100":0,"101":0,"102":0,"103":0,"105":0,"110":6,"114":1,"118":1,"122":0,"126":0,"130":0,"134":0,"138":6,"142":0},"path":"/Users/pritam/Documents/BLOCKCHAIN MAIN/Web3/Ether/Hardhat-Lottery/contracts/Raffle.sol","s":{"1":5,"2":4,"3":3,"4":3,"5":2,"6":2,"7":2,"8":2,"9":2,"10":1,"11":1,"12":1,"13":1,"14":0,"15":0,"16":0,"17":0,"18":0,"19":6,"20":1,"21":1,"22":0,"23":0,"24":0,"25":0,"26":6,"27":0},"b":{"1":[1,4],"2":[1,3],"3":[0,1],"4":[0,0]},"f":{"1":3,"2":5,"3":2,"4":1,"5":0,"6":6,"7":1,"8":1,"9":0,"10":0,"11":0,"12":0,"13":6,"14":0},"fnMap":{"1":{"name":"constructor","line":47,"loc":{"start":{"line":46,"column":4},"end":{"line":57,"column":4}}},"2":{"name":"enterRaffle","line":59,"loc":{"start":{"line":59,"column":4},"end":{"line":69,"column":4}}},"3":{"name":"checkUpkeep","line":71,"loc":{"start":{"line":71,"column":4},"end":{"line":78,"column":4}}},"4":{"name":"performUpkeep","line":80,"loc":{"start":{"line":80,"column":4},"end":{"line":92,"column":4}}},"5":{"name":"fulfillRandomWords","line":94,"loc":{"start":{"line":94,"column":4},"end":{"line":107,"column":4}}},"6":{"name":"getEntranceFee","line":109,"loc":{"start":{"line":109,"column":4},"end":{"line":111,"column":4}}},"7":{"name":"getPlayer","line":113,"loc":{"start":{"line":113,"column":4},"end":{"line":115,"column":4}}},"8":{"name":"getRaffleState","line":117,"loc":{"start":{"line":117,"column":4},"end":{"line":119,"column":4}}},"9":{"name":"getNumWords","line":121,"loc":{"start":{"line":121,"column":4},"end":{"line":123,"column":4}}},"10":{"name":"getRequestConfimations","line":125,"loc":{"start":{"line":125,"column":4},"end":{"line":127,"column":4}}},"11":{"name":"getRecentWinner","line":129,"loc":{"start":{"line":129,"column":4},"end":{"line":131,"column":4}}},"12":{"name":"getLastTimeStamp","line":133,"loc":{"start":{"line":133,"column":4},"end":{"line":135,"column":4}}},"13":{"name":"getInterval","line":137,"loc":{"start":{"line":137,"column":4},"end":{"line":139,"column":4}}},"14":{"name":"getNumberOfPlayeres","line":141,"loc":{"start":{"line":141,"column":4},"end":{"line":143,"column":4}}}},"statementMap":{"1":{"start":{"line":60,"column":8},"end":{"line":60,"column":2198}},"2":{"start":{"line":63,"column":8},"end":{"line":63,"column":2300}},"3":{"start":{"line":66,"column":8},"end":{"line":66,"column":42}},"4":{"start":{"line":68,"column":8},"end":{"line":68,"column":36}},"5":{"start":{"line":72,"column":8},"end":{"line":72,"column":57}},"6":{"start":{"line":73,"column":8},"end":{"line":73,"column":73}},"7":{"start":{"line":74,"column":8},"end":{"line":74,"column":47}},"8":{"start":{"line":75,"column":8},"end":{"line":75,"column":50}},"9":{"start":{"line":77,"column":8},"end":{"line":77,"column":36}},"10":{"start":{"line":81,"column":8},"end":{"line":81,"column":46}},"11":{"start":{"line":83,"column":8},"end":{"line":83,"column":3159}},"12":{"start":{"line":87,"column":8},"end":{"line":87,"column":3357}},"13":{"start":{"line":91,"column":8},"end":{"line":91,"column":43}},"14":{"start":{"line":95,"column":8},"end":{"line":95,"column":65}},"15":{"start":{"line":96,"column":8},"end":{"line":96,"column":65}},"16":{"start":{"line":101,"column":8},"end":{"line":101,"column":80}},"17":{"start":{"line":102,"column":8},"end":{"line":102,"column":4107}},"18":{"start":{"line":105,"column":8},"end":{"line":105,"column":41}},"19":{"start":{"line":110,"column":8},"end":{"line":110,"column":29}},"20":{"start":{"line":114,"column":8},"end":{"line":114,"column":31}},"21":{"start":{"line":118,"column":8},"end":{"line":118,"column":28}},"22":{"start":{"line":122,"column":8},"end":{"line":122,"column":24}},"23":{"start":{"line":126,"column":8},"end":{"line":126,"column":36}},"24":{"start":{"line":130,"column":8},"end":{"line":130,"column":27}},"25":{"start":{"line":134,"column":8},"end":{"line":134,"column":30}},"26":{"start":{"line":138,"column":8},"end":{"line":138,"column":25}},"27":{"start":{"line":142,"column":8},"end":{"line":142,"column":31}}},"branchMap":{"1":{"line":60,"type":"if","locations":[{"start":{"line":60,"column":8},"end":{"line":60,"column":8}},{"start":{"line":60,"column":8},"end":{"line":60,"column":8}}]},"2":{"line":63,"type":"if","locations":[{"start":{"line":63,"column":8},"end":{"line":63,"column":8}},{"start":{"line":63,"column":8},"end":{"line":63,"column":8}}]},"3":{"line":83,"type":"if","locations":[{"start":{"line":83,"column":8},"end":{"line":83,"column":8}},{"start":{"line":83,"column":8},"end":{"line":83,"column":8}}]},"4":{"line":102,"type":"if","locations":[{"start":{"line":102,"column":8},"end":{"line":102,"column":8}},{"start":{"line":102,"column":8},"end":{"line":102,"column":8}}]}}},"contracts/test/VRFCoordinatorV2Mock.sol":{"l":{},"path":"/Users/pritam/Documents/BLOCKCHAIN MAIN/Web3/Ether/Hardhat-Lottery/contracts/test/VRFCoordinatorV2Mock.sol","s":{},"b":{},"f":{},"fnMap":{},"statementMap":{},"branchMap":{}}}