TN:
SF:/Users/pritam/Documents/BLOCKCHAIN MAIN/Web3/Ether/Hardhat-Lottery/contracts/Raffle.sol
FN:47,constructor
FN:59,enterRaffle
FN:71,checkUpkeep
FN:80,performUpkeep
FN:94,fulfillRandomWords
FN:109,getEntranceFee
FN:113,getPlayer
FN:117,getRaffleState
FN:121,getNumWords
FN:125,getRequestConfimations
FN:129,getRecentWinner
FN:133,getLastTimeStamp
FN:137,getInterval
FN:141,getNumberOfPlayeres
FNF:14
FNH:8
FNDA:3,constructor
FNDA:5,enterRaffle
FNDA:2,checkUpkeep
FNDA:1,performUpkeep
FNDA:0,fulfillRandomWords
FNDA:6,getEntranceFee
FNDA:1,getPlayer
FNDA:1,getRaffleState
FNDA:0,getNumWords
FNDA:0,getRequestConfimations
FNDA:0,getRecentWinner
FNDA:0,getLastTimeStamp
FNDA:6,getInterval
FNDA:0,getNumberOfPlayeres
DA:49,3
DA:50,3
DA:51,3
DA:52,3
DA:53,3
DA:54,3
DA:55,3
DA:56,3
DA:60,5
DA:61,1
DA:63,4
DA:64,1
DA:66,3
DA:68,3
DA:72,2
DA:73,2
DA:74,2
DA:75,2
DA:76,2
DA:77,2
DA:81,1
DA:83,1
DA:84,0
DA:86,1
DA:87,1
DA:91,1
DA:95,0
DA:96,0
DA:97,0
DA:98,0
DA:99,0
DA:100,0
DA:101,0
DA:102,0
DA:103,0
DA:105,0
DA:110,6
DA:114,1
DA:118,1
DA:122,0
DA:126,0
DA:130,0
DA:134,0
DA:138,6
DA:142,0
LF:45
LH:29
BRDA:60,1,0,1
BRDA:60,1,1,4
BRDA:63,2,0,1
BRDA:63,2,1,3
BRDA:83,3,0,0
BRDA:83,3,1,1
BRDA:102,4,0,0
BRDA:102,4,1,0
BRF:8
BRH:5
end_of_record
TN:
SF:/Users/pritam/Documents/BLOCKCHAIN MAIN/Web3/Ether/Hardhat-Lottery/contracts/test/VRFCoordinatorV2Mock.sol
FNF:0
FNH:0
LF:0
LH:0
BRF:0
BRH:0
end_of_record
